<?xml version="1.0" encoding="UTF-8"?>
<testsuite xmlns:xsi="http://www.w3.org/2001/XMLSchema-instance" xsi:noNamespaceSchemaLocation="https://maven.apache.org/surefire/maven-surefire-plugin/xsd/surefire-test-report-3.0.xsd" version="3.0" name="com.sid.automation.runners.TestRunner" time="19.202" tests="3" errors="0" skipped="0" failures="0">
  <properties>
[...]
</properties>
  <testcase name="runScenario[&quot;Add product to cart&quot;, &quot;Add to cart&quot;](1)" classname="com.sid.automation.runners.TestRunner" time="9.224">
    <system-out><![CDATA[
@AddToCart @LoginRequired
Scenario: Add product to cart                     # src/test/resources/features/addtocart.feature:4
🔹 Scenario Name: Add product to cart
  Given user is on product details page           # com.sid.automation.stepdefinitions.addToCartSteps.user_click_on_product_details_page()
  When user click on add to cart button           # com.sid.automation.stepdefinitions.addToCartSteps.user_click_on_add_to_cart_btn()
Swag Labs
  Then product is added oin the cart successfully # com.sid.automation.stepdefinitions.addToCartSteps.product_is_added_in_cart()
]]></system-out>
    <system-err><![CDATA[[main] INFO io.github.bonigarcia.wdm.WebDriverManager - Using chromedriver 133.0.6943.98 (resolved driver for Chrome 133)
[main] INFO io.github.bonigarcia.wdm.WebDriverManager - Exporting webdriver.chrome.driver as C:\Users\DELL\.cache\selenium\chromedriver\win64\133.0.6943.98\chromedriver.exe
Feb 13, 2025 11:37:58 PM org.openqa.selenium.devtools.CdpVersionFinder findNearestMatch
WARNING: Unable to find CDP implementation matching 133
Feb 13, 2025 11:37:58 PM org.openqa.selenium.chromium.ChromiumDriver lambda$new$5
WARNING: Unable to find version of CDP to use for 133.0.6943.59. You may need to include a dependency on a specific version of the CDP using something similar to `org.seleniumhq.selenium:selenium-devtools-v86:4.16.1` where the version ("v86") matches the version of the chromium-based browser you're using and the version number of the artifact is the same as Selenium's.
[main] INFO com.sid.automation.utils.Loggers.Log - Browser is launching...
[main] INFO com.sid.automation.utils.Loggers.Log - Executing login before scenario: Add product to cart
[main] INFO com.sid.automation.utils.Loggers.Log - Scenario Completed: Add product to cart
]]></system-err>
  </testcase>
  <testcase name="runScenario[&quot;log out test&quot;, &quot;Log out&quot;](2)" classname="com.sid.automation.runners.TestRunner" time="3.947">
    <system-out><![CDATA[
Scenario: log out test                     # src/test/resources/features/logout.feature:2
🔹 Scenario Name: log out test
  Given user is logged in                  # com.sid.automation.stepdefinitions.logOutSteps.User_is_logged_in()
  When user click on logout button         # com.sid.automation.stepdefinitions.logOutSteps.user_click_on_logout_btn()
Swag Labs
  Then User is logged out from application # com.sid.automation.stepdefinitions.logOutSteps.user_logged_out_successfuly()
]]></system-out>
    <system-err><![CDATA[[main] INFO com.sid.automation.utils.Loggers.Log - Scenario Completed: log out test
]]></system-err>
  </testcase>
  <testcase name="runScenario[&quot;user logged in successfully&quot;, &quot;log in functionality&quot;](3)" classname="com.sid.automation.runners.TestRunner" time="3.765">
    <system-out><![CDATA[
@LogIn
Scenario: user logged in successfully                          # src/test/resources/features/sauselablogin.feature:4
🔹 Scenario Name: user logged in successfully
  Given user is on sauselab log in page                        # com.sid.automation.stepdefinitions.sauselabloginSteps.i_am_on_sauselab_loginpage()
  When user enter "standard_user" and "secret_sauce" in fields # com.sid.automation.stepdefinitions.sauselabloginSteps.user_enter(java.lang.String,java.lang.String)
  And user click on log in button                              # com.sid.automation.stepdefinitions.sauselabloginSteps.user_click_on_login_btn()
Swag Labs
  Then user is logged in successfully                          # com.sid.automation.stepdefinitions.sauselabloginSteps.user_logged_in_successfuly()
]]></system-out>
    <system-err><![CDATA[[main] INFO com.sid.automation.utils.Loggers.Log - Scenario Completed: user logged in successfully
]]></system-err>
  </testcase>
</testsuite>